<?xml version="1.0" encoding="UTF-8"?>
<!-- Generated by org.testng.reporters.JUnitXMLReporter -->
<testsuite ignored="0" hostname="DESKTOP-NVQLMFJ" failures="2" tests="8" name="Test" time="0.14" errors="0" timestamp="2024-01-05T09:24:31 IST">
  <testcase classname="listener.NewTest2" name="f" time="0.011"/>
  <testcase classname="listener.NewTest2" name="e" time="0.002"/>
  <testcase classname="listener.NewTest2" name="g" time="0.005">
    <failure type="java.lang.AssertionError" message="null">
      <![CDATA[java.lang.AssertionError: null
at listener.NewTest2.g(NewTest2.java:20)
at java.base/java.util.ArrayList.forEach(ArrayList.java:1511)
... Removed 29 stack frames]]>
    </failure>
  </testcase> <!-- g -->
  <testcase classname="listener.NewTest2" name="h" time="0.005"/>
  <testcase classname="listener.NewTest" name="a" time="0.003"/>
  <testcase classname="listener.NewTest" name="b" time="0.001">
    <failure type="java.lang.AssertionError" message="null">
      <![CDATA[java.lang.AssertionError: null
at listener.NewTest.b(NewTest.java:21)
at java.base/java.util.ArrayList.forEach(ArrayList.java:1511)
... Removed 29 stack frames]]>
    </failure>
  </testcase> <!-- b -->
  <testcase classname="listener.NewTest" name="d" time="0.003"/>
  <testcase classname="listener.NewTest" name="c" time="0.0">
    <skipped/>
  </testcase> <!-- c -->
</testsuite> <!-- Test -->
